app/build/outputs/logs/manifest-merger-debug-report.txt
-- Merging decision tree log ---
manifest
ADDED from src\main\AndroidManifest.xml:2:1-53:12
	xmlns:android
		ADDED from src\main\AndroidManifest.xml:2:11-69
	package
		ADDED from src\main\AndroidManifest.xml:3:5-39
		INJECTED from src\main\AndroidManifest.xml
		INJECTED from src\main\AndroidManifest.xml
	android:versionName
		INJECTED from src\main\AndroidManifest.xml
		INJECTED from src\main\AndroidManifest.xml
	android:versionCode
		INJECTED from src\main\AndroidManifest.xml
		INJECTED from src\main\AndroidManifest.xml
application
ADDED from src\main\AndroidManifest.xml:5:5-51:19
MERGED from [com.android.support:appcompat-v7:23.1.1] AndroidManifest.xml:22:5-20
MERGED from [com.android.support:support-v4:23.1.1] AndroidManifest.xml:22:5-20
MERGED from [com.android.support:design:23.1.1] AndroidManifest.xml:22:5-20
MERGED from [com.android.support:appcompat-v7:23.1.1] AndroidManifest.xml:22:5-20
MERGED from [com.android.support:support-v4:23.1.1] AndroidManifest.xml:22:5-20
MERGED from [com.android.support:support-v4:23.1.1] AndroidManifest.xml:22:5-20
MERGED from [com.android.support:support-v4:23.1.1] AndroidManifest.xml:22:5-20
	android:supportsRtl
		ADDED from src\main\AndroidManifest.xml:9:9-35
	android:label
		ADDED from src\main\AndroidManifest.xml:8:9-41
	android:allowBackup
		ADDED from src\main\AndroidManifest.xml:6:9-35
	android:icon
		ADDED from src\main\AndroidManifest.xml:7:9-40
	android:theme
		ADDED from src\main\AndroidManifest.xml:10:9-40
activity#com.example.hp.essaieapp.MainActivity
ADDED from src\main\AndroidManifest.xml:11:9-20:20
	android:label
		ADDED from src\main\AndroidManifest.xml:13:13-45
	android:theme
		ADDED from src\main\AndroidManifest.xml:14:13-56
	android:name
		ADDED from src\main\AndroidManifest.xml:12:13-41
intent-filter#android.intent.action.MAIN+android.intent.category.LAUNCHER
ADDED from src\main\AndroidManifest.xml:15:13-19:29
action#android.intent.action.MAIN
ADDED from src\main\AndroidManifest.xml:16:17-69
	android:name
		ADDED from src\main\AndroidManifest.xml:16:25-66
category#android.intent.category.LAUNCHER
ADDED from src\main\AndroidManifest.xml:18:17-77
	android:name
		ADDED from src\main\AndroidManifest.xml:18:27-74
activity#com.example.hp.essaieapp.Main2Activity
ADDED from src\main\AndroidManifest.xml:21:9-30:20
	android:label
		ADDED from src\main\AndroidManifest.xml:23:13-57
	android:theme
		ADDED from src\main\AndroidManifest.xml:24:13-56
	android:name
		ADDED from src\main\AndroidManifest.xml:22:13-42
intent-filter#android.intent.category.DEFAULT+com.example.hp.essaieapp.Main2Activity
ADDED from src\main\AndroidManifest.xml:25:13-29:29
action#com.example.hp.essaieapp.Main2Activity
ADDED from src\main\AndroidManifest.xml:26:17-81
	android:name
		ADDED from src\main\AndroidManifest.xml:26:25-78
category#android.intent.category.DEFAULT
ADDED from src\main\AndroidManifest.xml:28:17-76
	android:name
		ADDED from src\main\AndroidManifest.xml:28:27-73
activity#com.example.hp.essaieapp.Main3Activity
ADDED from src\main\AndroidManifest.xml:31:9-40:20
	android:label
		ADDED from src\main\AndroidManifest.xml:33:13-57
	android:theme
		ADDED from src\main\AndroidManifest.xml:34:13-56
	android:name
		ADDED from src\main\AndroidManifest.xml:32:13-42
intent-filter#android.intent.category.DEFAULT+com.example.hp.essaieapp.Main3Activity
ADDED from src\main\AndroidManifest.xml:35:13-39:29
action#com.example.hp.essaieapp.Main3Activity
ADDED from src\main\AndroidManifest.xml:36:17-81
	android:name
		ADDED from src\main\AndroidManifest.xml:36:25-78
activity#com.example.hp.essaieapp.Main4Activity
ADDED from src\main\AndroidManifest.xml:41:9-50:20
	android:label
		ADDED from src\main\AndroidManifest.xml:43:13-57
	android:theme
		ADDED from src\main\AndroidManifest.xml:44:13-56
	android:name
		ADDED from src\main\AndroidManifest.xml:42:13-42
intent-filter#android.intent.category.DEFAULT+com.example.hp.essaieapp.Main4Activity
ADDED from src\main\AndroidManifest.xml:45:13-49:29
action#com.example.hp.essaieapp.Main4Activity
ADDED from src\main\AndroidManifest.xml:46:17-81
	android:name
		ADDED from src\main\AndroidManifest.xml:46:25-78
uses-sdk
INJECTED from src\main\AndroidManifest.xml reason: use-sdk injection requested
MERGED from [com.android.support:appcompat-v7:23.1.1] AndroidManifest.xml:20:5-43
MERGED from [com.android.support:support-v4:23.1.1] AndroidManifest.xml:20:5-43
MERGED from [com.android.support:design:23.1.1] AndroidManifest.xml:20:5-43
MERGED from [com.android.support:appcompat-v7:23.1.1] AndroidManifest.xml:20:5-43
MERGED from [com.android.support:support-v4:23.1.1] AndroidManifest.xml:20:5-43
MERGED from [com.android.support:recyclerview-v7:23.1.1] AndroidManifest.xml:20:5-43
MERGED from [com.android.support:support-v4:23.1.1] AndroidManifest.xml:20:5-43
MERGED from [com.android.support:support-v4:23.1.1] AndroidManifest.xml:20:5-43
	android:targetSdkVersion
		INJECTED from src\main\AndroidManifest.xml
		INJECTED from src\main\AndroidManifest.xml
	android:minSdkVersion
		INJECTED from src\main\AndroidManifest.xml
		INJECTED from src\main\AndroidManifest.xml